0 info it worked if it ends with ok
1 verbose cli [ 'node', '/usr/local/bin/npm', 'install', 'homebrew' ]
2 info using npm@2.12.1
3 info using node@v0.12.7
4 verbose node symlink /usr/local/bin/node
5 verbose install initial load of /Users/Mikeronomicon/Desktop/development/MultiVision/package.json
6 warn package.json multivision@0.0.0 No README data
7 verbose installManyTop reading scoped package data from /Users/Mikeronomicon/Desktop/development/MultiVision/node_modules/body-parser/package.json
8 verbose installManyTop reading scoped package data from /Users/Mikeronomicon/Desktop/development/MultiVision/node_modules/express/package.json
9 verbose installManyTop reading scoped package data from /Users/Mikeronomicon/Desktop/development/MultiVision/node_modules/jade/package.json
10 verbose installManyTop reading scoped package data from /Users/Mikeronomicon/Desktop/development/MultiVision/node_modules/mongoose/package.json
11 verbose installManyTop reading scoped package data from /Users/Mikeronomicon/Desktop/development/MultiVision/node_modules/morgan/package.json
12 verbose installManyTop reading scoped package data from /Users/Mikeronomicon/Desktop/development/MultiVision/node_modules/stylus/package.json
13 verbose readDependencies loading dependencies from /Users/Mikeronomicon/Desktop/development/MultiVision/package.json
14 silly cache add args [ 'homebrew', null ]
15 verbose cache add spec homebrew
16 silly cache add parsed spec { raw: 'homebrew',
16 silly cache add   scope: null,
16 silly cache add   name: 'homebrew',
16 silly cache add   rawSpec: '',
16 silly cache add   spec: '*',
16 silly cache add   type: 'range' }
17 silly addNamed homebrew@*
18 verbose addNamed "*" is a valid semver range for homebrew
19 silly addNameRange { name: 'homebrew', range: '*', hasData: false }
20 silly mapToRegistry name homebrew
21 silly mapToRegistry using default registry
22 silly mapToRegistry registry https://registry.npmjs.org/
23 silly mapToRegistry uri https://registry.npmjs.org/homebrew
24 verbose addNameRange registry:https://registry.npmjs.org/homebrew not in flight; fetching
25 verbose request uri https://registry.npmjs.org/homebrew
26 verbose request no auth needed
27 info attempt registry request try #1 at 15:18:32
28 verbose request id 995d9170cfb1ac99
29 http request GET https://registry.npmjs.org/homebrew
30 http 200 https://registry.npmjs.org/homebrew
31 silly get cb [ 200,
31 silly get   { server: 'CouchDB/1.5.0 (Erlang OTP/R16B03)',
31 silly get     etag: '"ARZPZ5S1AXJ9T8R2LS1B3G8JG"',
31 silly get     'content-type': 'application/json',
31 silly get     'cache-control': 'max-age=60',
31 silly get     'content-length': '4070',
31 silly get     'accept-ranges': 'bytes',
31 silly get     date: 'Mon, 07 Dec 2015 23:18:32 GMT',
31 silly get     via: '1.1 varnish',
31 silly get     age: '0',
31 silly get     connection: 'keep-alive',
31 silly get     'x-served-by': 'cache-sjc3124-SJC',
31 silly get     'x-cache': 'MISS',
31 silly get     'x-cache-hits': '0',
31 silly get     'x-timer': 'S1449530312.554757,VS0,VE178',
31 silly get     vary: 'Accept' } ]
32 verbose get saving homebrew to /Users/Mikeronomicon/.npm/registry.npmjs.org/homebrew/.cache.json
33 silly addNameRange number 2 { name: 'homebrew', range: '*', hasData: true }
34 silly addNameRange versions [ 'homebrew', [ '0.0.0', '0.0.1', '0.0.2', '0.1.0' ] ]
35 silly addNamed homebrew@0.1.0
36 verbose addNamed "0.1.0" is a plain semver version for homebrew
37 silly mapToRegistry name homebrew
38 silly mapToRegistry using default registry
39 silly mapToRegistry registry https://registry.npmjs.org/
40 silly mapToRegistry uri https://registry.npmjs.org/homebrew
41 verbose addRemoteTarball https://registry.npmjs.org/homebrew/-/homebrew-0.1.0.tgz not in flight; adding
42 verbose addRemoteTarball [ 'https://registry.npmjs.org/homebrew/-/homebrew-0.1.0.tgz',
42 verbose addRemoteTarball   'cf898055ed935acf00da696a9078877f27c4ad57' ]
43 info retry fetch attempt 1 at 15:18:32
44 info attempt registry request try #1 at 15:18:32
45 http fetch GET https://registry.npmjs.org/homebrew/-/homebrew-0.1.0.tgz
46 http fetch 200 https://registry.npmjs.org/homebrew/-/homebrew-0.1.0.tgz
47 silly fetchAndShaCheck shasum cf898055ed935acf00da696a9078877f27c4ad57
48 verbose addTmpTarball /var/folders/23/j8j88zm94_55wbmd2r3x5gvr0000gt/T/npm-17026-832c00cd/registry.npmjs.org/homebrew/-/homebrew-0.1.0.tgz not in flight; adding
49 verbose addTmpTarball already have metadata; skipping unpack for homebrew@0.1.0
50 silly cache afterAdd homebrew@0.1.0
51 verbose afterAdd /Users/Mikeronomicon/.npm/homebrew/0.1.0/package/package.json not in flight; writing
52 verbose afterAdd /Users/Mikeronomicon/.npm/homebrew/0.1.0/package/package.json written
53 silly install resolved [ { name: 'homebrew',
53 silly install resolved     version: '0.1.0',
53 silly install resolved     description: 'The missing package manager for OS X',
53 silly install resolved     main: 'index.js',
53 silly install resolved     repository: { type: 'git', url: 'https://github.com/afc163/homebrew' },
53 silly install resolved     scripts: { postinstall: 'ruby -e "$(curl -fsSL https://raw.githubusercontent.com/Homebrew/install/master/install)"' },
53 silly install resolved     author: { name: 'afc163', email: 'afc163@gmail.com' },
53 silly install resolved     license: 'ISC',
53 silly install resolved     gitHead: '3586f725e4618187bcb18d2a8b2f45dd95731943',
53 silly install resolved     bugs: { url: 'https://github.com/afc163/homebrew/issues' },
53 silly install resolved     homepage: 'https://github.com/afc163/homebrew',
53 silly install resolved     _id: 'homebrew@0.1.0',
53 silly install resolved     _shasum: 'cf898055ed935acf00da696a9078877f27c4ad57',
53 silly install resolved     _from: 'homebrew@*',
53 silly install resolved     _npmVersion: '2.5.1',
53 silly install resolved     _nodeVersion: '0.12.0',
53 silly install resolved     _npmUser: { name: 'afc163', email: 'afc163@gmail.com' },
53 silly install resolved     maintainers: [ [Object] ],
53 silly install resolved     dist:
53 silly install resolved      { shasum: 'cf898055ed935acf00da696a9078877f27c4ad57',
53 silly install resolved        tarball: 'http://registry.npmjs.org/homebrew/-/homebrew-0.1.0.tgz' },
53 silly install resolved     directories: {},
53 silly install resolved     _resolved: 'https://registry.npmjs.org/homebrew/-/homebrew-0.1.0.tgz' } ]
54 info install homebrew@0.1.0 into /Users/Mikeronomicon/Desktop/development/MultiVision
55 info installOne homebrew@0.1.0
56 verbose installOne of homebrew to /Users/Mikeronomicon/Desktop/development/MultiVision not in flight; installing
57 verbose lock using /Users/Mikeronomicon/.npm/_locks/homebrew-e1236ddba8f7910b.lock for /Users/Mikeronomicon/Desktop/development/MultiVision/node_modules/homebrew
58 silly install write writing homebrew 0.1.0 to /Users/Mikeronomicon/Desktop/development/MultiVision/node_modules/homebrew
59 verbose unbuild node_modules/homebrew
60 silly gentlyRm /Users/Mikeronomicon/Desktop/development/MultiVision/node_modules/homebrew is being purged from base /Users/Mikeronomicon/Desktop/development/MultiVision
61 verbose gentlyRm don't care about contents; nuking /Users/Mikeronomicon/Desktop/development/MultiVision/node_modules/homebrew
62 verbose tar unpack /Users/Mikeronomicon/.npm/homebrew/0.1.0/package.tgz
63 verbose tar unpacking to /Users/Mikeronomicon/Desktop/development/MultiVision/node_modules/homebrew
64 silly gentlyRm /Users/Mikeronomicon/Desktop/development/MultiVision/node_modules/homebrew is being purged
65 verbose gentlyRm don't care about contents; nuking /Users/Mikeronomicon/Desktop/development/MultiVision/node_modules/homebrew
66 silly gunzTarPerm modes [ '755', '644' ]
67 silly gunzTarPerm extractEntry package.json
68 silly gunzTarPerm extractEntry README.md
69 verbose write writing to /Users/Mikeronomicon/Desktop/development/MultiVision/node_modules/homebrew/package.json
70 info preinstall homebrew@0.1.0
71 verbose readDependencies loading dependencies from /Users/Mikeronomicon/Desktop/development/MultiVision/node_modules/homebrew/package.json
72 verbose readDependencies loading dependencies from /Users/Mikeronomicon/Desktop/development/MultiVision/node_modules/homebrew/package.json
73 silly install resolved []
74 verbose about to build /Users/Mikeronomicon/Desktop/development/MultiVision/node_modules/homebrew
75 info build /Users/Mikeronomicon/Desktop/development/MultiVision/node_modules/homebrew
76 info linkStuff homebrew@0.1.0
77 silly linkStuff homebrew@0.1.0 has /Users/Mikeronomicon/Desktop/development/MultiVision/node_modules as its parent node_modules
78 verbose linkBins homebrew@0.1.0
79 verbose linkMans homebrew@0.1.0
80 verbose rebuildBundles homebrew@0.1.0
81 info install homebrew@0.1.0
82 info postinstall homebrew@0.1.0
83 verbose unsafe-perm in lifecycle true
84 info homebrew@0.1.0 Failed to exec postinstall script
85 verbose unlock done using /Users/Mikeronomicon/.npm/_locks/homebrew-e1236ddba8f7910b.lock for /Users/Mikeronomicon/Desktop/development/MultiVision/node_modules/homebrew
86 verbose stack Error: homebrew@0.1.0 postinstall: `ruby -e "$(curl -fsSL https://raw.githubusercontent.com/Homebrew/install/master/install)"`
86 verbose stack Exit status 1
86 verbose stack     at EventEmitter.<anonymous> (/usr/local/lib/node_modules/npm/lib/utils/lifecycle.js:213:16)
86 verbose stack     at EventEmitter.emit (events.js:110:17)
86 verbose stack     at ChildProcess.<anonymous> (/usr/local/lib/node_modules/npm/lib/utils/spawn.js:24:14)
86 verbose stack     at ChildProcess.emit (events.js:110:17)
86 verbose stack     at maybeClose (child_process.js:1015:16)
86 verbose stack     at Process.ChildProcess._handle.onexit (child_process.js:1087:5)
87 verbose pkgid homebrew@0.1.0
88 verbose cwd /Users/Mikeronomicon/Desktop/development/MultiVision
89 error Darwin 14.5.0
90 error argv "node" "/usr/local/bin/npm" "install" "homebrew"
91 error node v0.12.7
92 error npm  v2.12.1
93 error code ELIFECYCLE
94 error homebrew@0.1.0 postinstall: `ruby -e "$(curl -fsSL https://raw.githubusercontent.com/Homebrew/install/master/install)"`
94 error Exit status 1
95 error Failed at the homebrew@0.1.0 postinstall script 'ruby -e "$(curl -fsSL https://raw.githubusercontent.com/Homebrew/install/master/install)"'.
95 error This is most likely a problem with the homebrew package,
95 error not with npm itself.
95 error Tell the author that this fails on your system:
95 error     ruby -e "$(curl -fsSL https://raw.githubusercontent.com/Homebrew/install/master/install)"
95 error You can get their info via:
95 error     npm owner ls homebrew
95 error There is likely additional logging output above.
96 verbose exit [ 1, true ]
97 verbose unbuild node_modules/homebrew
98 info preuninstall homebrew@0.1.0
99 info uninstall homebrew@0.1.0
100 verbose unbuild rmStuff homebrew@0.1.0 from /Users/Mikeronomicon/Desktop/development/MultiVision/node_modules
101 info postuninstall homebrew@0.1.0
102 silly gentlyRm /Users/Mikeronomicon/Desktop/development/MultiVision/node_modules/homebrew is being purged from base /Users/Mikeronomicon/Desktop/development/MultiVision
103 verbose gentlyRm don't care about contents; nuking /Users/Mikeronomicon/Desktop/development/MultiVision/node_modules/homebrew
104 silly vacuum-fs purging /Users/Mikeronomicon/Desktop/development/MultiVision/node_modules/homebrew
105 silly vacuum-fs quitting because other entries in /Users/Mikeronomicon/Desktop/development/MultiVision/node_modules
